Library/Bee/Android/Prj/Mono2x/Gradle/launcher/build/outputs/mapping/release/seeds.txt
com.unity3d.player.P: boolean e
com.unity3d.player.M: java.lang.String d
com.unity3d.player.g: com.unity3d.player.IAssetPackManagerStatusQueryCallback a
com.unity3d.player.L: com.unity3d.player.M a
com.unity3d.player.P: java.lang.String a
com.unity3d.player.UnityPlayer: com.unity3d.player.U mVideoPlayerProxy
com.unity3d.player.UnityPlayer$C: com.unity3d.player.UnityPlayer$C e
com.unity3d.player.UnityPlayer: com.unity3d.player.UnityPlayer$B m_PhoneCallListener
com.unity3d.player.UnityPermissions$ModalWaitForPermissionResponse: boolean haveResponse
com.unity3d.player.s: android.hardware.camera2.CameraManager B
com.unity3d.player.s: android.hardware.camera2.CameraDevice$StateCallback y
com.unity3d.player.F: com.unity3d.player.E b
com.unity3d.player.g: int[] d
com.unity3d.player.UnityPlayer$b: boolean f
com.unity3d.player.c: java.util.HashSet a
com.unity3d.player.AudioVolumeHandler: com.unity3d.player.l a
com.unity3d.player.UnityPlayer$k: com.unity3d.player.UnityPlayer a
com.unity3d.player.UnityPlayer: com.unity3d.player.GoogleARCoreApi m_ARCoreApi
com.unity3d.player.UnityPlayer$D: boolean b
com.unity3d.player.UnityPlayer$B: com.unity3d.player.UnityPlayer a
com.unity3d.player.r: com.unity3d.player.r c
com.unity3d.player.UnityPlayer$e: com.unity3d.player.UnityPlayer b
com.unity3d.player.UnityPlayer$i: com.unity3d.player.UnityPlayer e
com.unity3d.player.g: long b
com.unity3d.player.UnityPlayer$s: com.unity3d.player.UnityPlayer a
com.unity3d.player.UnityPlayerActivity: com.unity3d.player.UnityPlayer mUnityPlayer
com.unity3d.player.M: int e
com.unity3d.player.B: boolean c
com.unity3d.player.x: com.unity3d.player.B b
com.unity3d.player.UnityPlayer: android.net.Uri m_launchUri
com.unity3d.player.U: com.unity3d.player.M f
com.unity3d.player.UnityPlayer$C: com.unity3d.player.UnityPlayer$C g
bitter.jnibridge.JNIBridge$a: long b
org.fmod.FMODAudioDevice: boolean d
com.unity3d.player.UnityPlayer$D: boolean c
com.unity3d.player.UnityPlayer$b: boolean j
bitter.jnibridge.JNIBridge$a: java.lang.Object a
com.unity3d.player.UnityPlayer$C: com.unity3d.player.UnityPlayer$C b
com.unity3d.player.UnityPlayer: com.unity3d.player.UnityPlayer$z m_FakeListener
com.unity3d.player.UnityPlayer$D$a: com.unity3d.player.UnityPlayer$D a
com.unity3d.player.HFPStatus: android.content.BroadcastReceiver b
com.unity3d.player.UnityPlayer$n: com.unity3d.player.UnityPlayer a
com.unity3d.player.R$string: int FreeformWindowSize_maximize
com.unity3d.player.s: android.graphics.Rect f
com.unity3d.player.z: com.unity3d.player.B a
com.unity3d.player.C: android.graphics.Bitmap d
com.unity3d.player.s: com.unity3d.player.a.a a
com.unity3d.player.UnityPlayer: boolean m_AddPhoneCallListener
org.fmod.FMODAudioDevice: java.nio.ByteBuffer e
com.unity3d.player.s: float j
com.unity3d.player.M: boolean g
com.unity3d.player.I: com.unity3d.player.a a
com.unity3d.player.i: com.unity3d.player.i d
com.unity3d.player.C: android.graphics.Bitmap e
com.google.androidgamesdk.SwappyDisplayManager: long mCookie
com.unity3d.player.R$string: int FreeformWindowSize_phone
com.unity3d.player.UnityPlayer: int ANR_TIMEOUT_SECONDS
com.unity3d.player.s: android.graphics.SurfaceTexture u
com.unity3d.player.ReflectionHelper$a: boolean e
com.unity3d.player.C: int b
com.unity3d.player.UnityPlayer: com.unity3d.player.I mGlView
com.unity3d.player.U: boolean h
com.unity3d.player.s: java.util.concurrent.Semaphore D
com.unity3d.player.R$id: int unitySurfaceView
com.unity3d.player.UnityPlayer$h: int b
com.unity3d.player.B: com.unity3d.player.UnityPlayer b
com.unity3d.player.ReflectionHelper: long b
com.unity3d.player.UnityPlayer$r: com.unity3d.player.UnityPlayer b
com.google.androidgamesdk.SwappyDisplayManager: android.view.Display$Mode mCurrentMode
com.unity3d.player.j: com.unity3d.player.k a
com.unity3d.player.BuildConfig: java.lang.String BUILD_TYPE
com.unity3d.player.UnityPlayer: com.unity3d.player.HFPStatus m_HFPStatus
com.unity3d.player.s: int h